build/app/intermediates/manifest_merge_blame_file/debug/manifest-merger-blame-debug-report.txt
1<?xml version="1.0" encoding="utf-8"?>
2<manifest xmlns:android="http://schemas.android.com/apk/res/android"
3    package="com.Magellan.global"
4    android:versionCode="1"
5    android:versionName="1.0.0" >
6
7    <uses-sdk
8        android:minSdkVersion="22"
9        android:targetSdkVersion="35" />
10    <!--
11         The INTERNET permission is required for development. Specifically,
12         the Flutter tool needs it to communicate with the running application
13         to allow setting breakpoints, to provide hot reload, etc.
14    -->
15    <uses-permission android:name="android.permission.INTERNET" />
15-->src\main\AndroidManifest.xml:2:5-66
15-->src\main\AndroidManifest.xml:2:22-64
16    <!--
17     Required to query activities that can process text, see:
18         https://developer.android.com/training/package-visibility?hl=en and
19         https://developer.android.com/reference/android/content/Intent#ACTION_PROCESS_TEXT.
20
21         In particular, this is used by the Flutter engine in io.flutter.plugin.text.ProcessTextPlugin.
22    -->
23    <queries>
23-->src\main\AndroidManifest.xml:43:5-48:15
24        <intent>
24-->src\main\AndroidManifest.xml:44:9-47:18
25            <action android:name="android.intent.action.PROCESS_TEXT" />
25-->src\main\AndroidManifest.xml:45:13-72
25-->src\main\AndroidManifest.xml:45:21-70
26
27            <data android:mimeType="text/plain" />
27-->src\main\AndroidManifest.xml:46:13-50
27-->src\main\AndroidManifest.xml:46:19-48
28        </intent>
29        <!-- Added to check if Chrome is installed for browser-based payment authentication (e.g. 3DS1). -->
30        <package android:name="com.android.chrome" /> <!-- Added to check the default browser that will host the AuthFlow. -->
30-->[com.stripe:payments-core:20.52.3] AndroidManifest.xml:11:9-54
30-->[com.stripe:payments-core:20.52.3] AndroidManifest.xml:11:18-51
31        <intent>
31-->[com.stripe:financial-connections:20.52.3] AndroidManifest.xml:13:9-17:18
32            <action android:name="android.intent.action.VIEW" />
32-->[com.google.firebase:firebase-auth:22.3.1] AndroidManifest.xml:36:17-69
32-->[com.google.firebase:firebase-auth:22.3.1] AndroidManifest.xml:36:25-66
33
34            <data android:scheme="http" />
34-->src\main\AndroidManifest.xml:46:13-50
35        </intent> <!-- Needs to be explicitly declared on Android R+ -->
36        <package android:name="com.google.android.apps.maps" />
36-->[com.google.android.gms:play-services-maps:18.0.2] AndroidManifest.xml:33:9-64
36-->[com.google.android.gms:play-services-maps:18.0.2] AndroidManifest.xml:33:18-61
37    </queries>
38
39    <uses-permission android:name="android.permission.WAKE_LOCK" />
39-->[:firebase_messaging] AndroidManifest.xml:10:5-68
39-->[:firebase_messaging] AndroidManifest.xml:10:22-65
40    <uses-permission android:name="android.permission.ACCESS_NETWORK_STATE" /> <!-- Permissions options for the `notification` group -->
40-->[:firebase_messaging] AndroidManifest.xml:11:5-79
40-->[:firebase_messaging] AndroidManifest.xml:11:22-76
41    <uses-permission android:name="android.permission.POST_NOTIFICATIONS" /> <!-- Required by older versions of Google Play services to create IID tokens -->
41-->[:firebase_messaging] AndroidManifest.xml:13:5-77
41-->[:firebase_messaging] AndroidManifest.xml:13:22-74
42    <uses-permission android:name="com.google.android.c2dm.permission.RECEIVE" />
42-->[com.google.firebase:firebase-messaging:23.4.1] AndroidManifest.xml:26:5-82
42-->[com.google.firebase:firebase-messaging:23.4.1] AndroidManifest.xml:26:22-79
43    <uses-permission android:name="com.google.android.providers.gsf.permission.READ_GSERVICES" />
43-->[com.google.android.recaptcha:recaptcha:18.4.0] AndroidManifest.xml:9:5-98
43-->[com.google.android.recaptcha:recaptcha:18.4.0] AndroidManifest.xml:9:22-95
44
45    <uses-feature
45-->[com.google.android.gms:play-services-maps:18.0.2] AndroidManifest.xml:26:5-28:35
46        android:glEsVersion="0x00020000"
46-->[com.google.android.gms:play-services-maps:18.0.2] AndroidManifest.xml:27:9-41
47        android:required="true" />
47-->[com.google.android.gms:play-services-maps:18.0.2] AndroidManifest.xml:28:9-32
48
49    <permission
49-->[androidx.core:core:1.13.1] AndroidManifest.xml:22:5-24:47
50        android:name="com.Magellan.global.DYNAMIC_RECEIVER_NOT_EXPORTED_PERMISSION"
50-->[androidx.core:core:1.13.1] AndroidManifest.xml:23:9-81
51        android:protectionLevel="signature" />
51-->[androidx.core:core:1.13.1] AndroidManifest.xml:24:9-44
52
53    <uses-permission android:name="com.Magellan.global.DYNAMIC_RECEIVER_NOT_EXPORTED_PERMISSION" />
53-->[androidx.core:core:1.13.1] AndroidManifest.xml:26:5-97
53-->[androidx.core:core:1.13.1] AndroidManifest.xml:26:22-94
54
55    <application
56        android:name="android.app.Application"
57        android:appComponentFactory="androidx.core.app.CoreComponentFactory"
57-->[androidx.core:core:1.13.1] AndroidManifest.xml:28:18-86
58        android:debuggable="true"
59        android:icon="@mipmap/ic_launcher"
60        android:label="flutter_application_2" >
61        <activity
62            android:name="com.example.flutter_application_2.MainActivity"
63            android:configChanges="orientation|keyboardHidden|keyboard|screenSize|smallestScreenSize|locale|layoutDirection|fontScale|screenLayout|density|uiMode"
64            android:exported="true"
65            android:hardwareAccelerated="true"
66            android:launchMode="singleTop"
67            android:theme="@style/LaunchTheme"
68            android:windowSoftInputMode="adjustResize" >
69
70            <!--
71                 Specifies an Android theme to apply to this Activity as soon as
72                 the Android process has started. This theme is visible to the user
73                 while the Flutter UI initializes. After that, this theme continues
74                 to determine the Window background behind the Flutter UI.
75            -->
76            <meta-data
77                android:name="io.flutter.embedding.android.NormalTheme"
78                android:resource="@style/NormalTheme" />
79
80            <intent-filter>
81                <action android:name="android.intent.action.MAIN" />
82
83                <category android:name="android.intent.category.LAUNCHER" />
84            </intent-filter>
85        </activity>
86        <!--
87             Don't delete the meta-data below.
88             This is used by the Flutter tool to generate GeneratedPluginRegistrant.java
89        -->
90        <meta-data
91            android:name="flutterEmbedding"
92            android:value="2" />
93        <meta-data
94            android:name="com.google.android.geo.API_KEY"
95            android:value="AIzaSyAEt-DpNTJ8BULyJpKCStinjVKXpqozu2k" />
96
97        <service
97-->[:cloud_firestore] AndroidManifest.xml:10:9-14:19
98            android:name="com.google.firebase.components.ComponentDiscoveryService"
98-->[:cloud_firestore] AndroidManifest.xml:10:18-89
99            android:directBootAware="true"
99-->[com.google.firebase:firebase-common:20.4.3] AndroidManifest.xml:32:13-43
100            android:exported="false" >
100-->[com.google.firebase:firebase-firestore:24.11.1] AndroidManifest.xml:16:13-37
101            <meta-data
101-->[:cloud_firestore] AndroidManifest.xml:11:13-13:85
102                android:name="com.google.firebase.components:io.flutter.plugins.firebase.firestore.FlutterFirebaseFirestoreRegistrar"
102-->[:cloud_firestore] AndroidManifest.xml:12:17-134
103                android:value="com.google.firebase.components.ComponentRegistrar" />
103-->[:cloud_firestore] AndroidManifest.xml:13:17-82
104            <meta-data
104-->[:firebase_auth] AndroidManifest.xml:11:13-13:85
105                android:name="com.google.firebase.components:io.flutter.plugins.firebase.auth.FlutterFirebaseAuthRegistrar"
105-->[:firebase_auth] AndroidManifest.xml:12:17-124
106                android:value="com.google.firebase.components.ComponentRegistrar" />
106-->[:firebase_auth] AndroidManifest.xml:13:17-82
107            <meta-data
107-->[:firebase_dynamic_links] AndroidManifest.xml:13:13-15:85
108                android:name="com.google.firebase.components:io.flutter.plugins.firebase.dynamiclinks.FlutterFirebaseAppRegistrar"
108-->[:firebase_dynamic_links] AndroidManifest.xml:14:17-131
109                android:value="com.google.firebase.components.ComponentRegistrar" />
109-->[:firebase_dynamic_links] AndroidManifest.xml:15:17-82
110            <meta-data
110-->[:firebase_messaging] AndroidManifest.xml:38:13-40:85
111                android:name="com.google.firebase.components:io.flutter.plugins.firebase.messaging.FlutterFirebaseAppRegistrar"
111-->[:firebase_messaging] AndroidManifest.xml:39:17-128
112                android:value="com.google.firebase.components.ComponentRegistrar" />
112-->[:firebase_messaging] AndroidManifest.xml:40:17-82
113            <meta-data
113-->[:firebase_storage] AndroidManifest.xml:11:13-13:85
114                android:name="com.google.firebase.components:io.flutter.plugins.firebase.storage.FlutterFirebaseAppRegistrar"
114-->[:firebase_storage] AndroidManifest.xml:12:17-126
115                android:value="com.google.firebase.components.ComponentRegistrar" />
115-->[:firebase_storage] AndroidManifest.xml:13:17-82
116            <meta-data
116-->[:firebase_core] AndroidManifest.xml:11:13-13:85
117                android:name="com.google.firebase.components:io.flutter.plugins.firebase.core.FlutterFirebaseCoreRegistrar"
117-->[:firebase_core] AndroidManifest.xml:12:17-124
118                android:value="com.google.firebase.components.ComponentRegistrar" />
118-->[:firebase_core] AndroidManifest.xml:13:17-82
119            <meta-data
119-->[com.google.firebase:firebase-firestore:24.11.1] AndroidManifest.xml:17:13-19:85
120                android:name="com.google.firebase.components:com.google.firebase.firestore.FirebaseFirestoreKtxRegistrar"
120-->[com.google.firebase:firebase-firestore:24.11.1] AndroidManifest.xml:18:17-122
121                android:value="com.google.firebase.components.ComponentRegistrar" />
121-->[com.google.firebase:firebase-firestore:24.11.1] AndroidManifest.xml:19:17-82
122            <meta-data
122-->[com.google.firebase:firebase-firestore:24.11.1] AndroidManifest.xml:20:13-22:85
123                android:name="com.google.firebase.components:com.google.firebase.firestore.FirestoreRegistrar"
123-->[com.google.firebase:firebase-firestore:24.11.1] AndroidManifest.xml:21:17-111
124                android:value="com.google.firebase.components.ComponentRegistrar" />
124-->[com.google.firebase:firebase-firestore:24.11.1] AndroidManifest.xml:22:17-82
125            <meta-data
125-->[com.google.firebase:firebase-auth:22.3.1] AndroidManifest.xml:69:13-71:85
126                android:name="com.google.firebase.components:com.google.firebase.auth.FirebaseAuthRegistrar"
126-->[com.google.firebase:firebase-auth:22.3.1] AndroidManifest.xml:70:17-109
127                android:value="com.google.firebase.components.ComponentRegistrar" />
127-->[com.google.firebase:firebase-auth:22.3.1] AndroidManifest.xml:71:17-82
128            <meta-data
128-->[com.google.firebase:firebase-dynamic-links:21.2.0] AndroidManifest.xml:24:13-26:85
129                android:name="com.google.firebase.components:com.google.firebase.dynamiclinks.FirebaseDynamicLinksKtxRegistrar"
129-->[com.google.firebase:firebase-dynamic-links:21.2.0] AndroidManifest.xml:25:17-128
130                android:value="com.google.firebase.components.ComponentRegistrar" />
130-->[com.google.firebase:firebase-dynamic-links:21.2.0] AndroidManifest.xml:26:17-82
131            <meta-data
131-->[com.google.firebase:firebase-dynamic-links:21.2.0] AndroidManifest.xml:27:13-29:85
132                android:name="com.google.firebase.components:com.google.firebase.dynamiclinks.internal.FirebaseDynamicLinkRegistrar"
132-->[com.google.firebase:firebase-dynamic-links:21.2.0] AndroidManifest.xml:28:17-133
133                android:value="com.google.firebase.components.ComponentRegistrar" />
133-->[com.google.firebase:firebase-dynamic-links:21.2.0] AndroidManifest.xml:29:17-82
134            <meta-data
134-->[com.google.firebase:firebase-messaging:23.4.1] AndroidManifest.xml:57:13-59:85
135                android:name="com.google.firebase.components:com.google.firebase.messaging.FirebaseMessagingKtxRegistrar"
135-->[com.google.firebase:firebase-messaging:23.4.1] AndroidManifest.xml:58:17-122
136                android:value="com.google.firebase.components.ComponentRegistrar" />
136-->[com.google.firebase:firebase-messaging:23.4.1] AndroidManifest.xml:59:17-82
137            <meta-data
137-->[com.google.firebase:firebase-messaging:23.4.1] AndroidManifest.xml:60:13-62:85
138                android:name="com.google.firebase.components:com.google.firebase.messaging.FirebaseMessagingRegistrar"
138-->[com.google.firebase:firebase-messaging:23.4.1] AndroidManifest.xml:61:17-119
139                android:value="com.google.firebase.components.ComponentRegistrar" />
139-->[com.google.firebase:firebase-messaging:23.4.1] AndroidManifest.xml:62:17-82
140            <meta-data
140-->[com.google.firebase:firebase-storage:20.3.0] AndroidManifest.xml:30:13-32:85
141                android:name="com.google.firebase.components:com.google.firebase.storage.FirebaseStorageKtxRegistrar"
141-->[com.google.firebase:firebase-storage:20.3.0] AndroidManifest.xml:31:17-118
142                android:value="com.google.firebase.components.ComponentRegistrar" />
142-->[com.google.firebase:firebase-storage:20.3.0] AndroidManifest.xml:32:17-82
143            <meta-data
143-->[com.google.firebase:firebase-storage:20.3.0] AndroidManifest.xml:33:13-35:85
144                android:name="com.google.firebase.components:com.google.firebase.storage.StorageRegistrar"
144-->[com.google.firebase:firebase-storage:20.3.0] AndroidManifest.xml:34:17-107
145                android:value="com.google.firebase.components.ComponentRegistrar" />
145-->[com.google.firebase:firebase-storage:20.3.0] AndroidManifest.xml:35:17-82
146            <meta-data
146-->[com.google.firebase:firebase-installations:17.2.0] AndroidManifest.xml:15:13-17:85
147                android:name="com.google.firebase.components:com.google.firebase.installations.FirebaseInstallationsKtxRegistrar"
147-->[com.google.firebase:firebase-installations:17.2.0] AndroidManifest.xml:16:17-130
148                android:value="com.google.firebase.components.ComponentRegistrar" />
148-->[com.google.firebase:firebase-installations:17.2.0] AndroidManifest.xml:17:17-82
149            <meta-data
149-->[com.google.firebase:firebase-installations:17.2.0] AndroidManifest.xml:18:13-20:85
150                android:name="com.google.firebase.components:com.google.firebase.installations.FirebaseInstallationsRegistrar"
150-->[com.google.firebase:firebase-installations:17.2.0] AndroidManifest.xml:19:17-127
151                android:value="com.google.firebase.components.ComponentRegistrar" />
151-->[com.google.firebase:firebase-installations:17.2.0] AndroidManifest.xml:20:17-82
152            <meta-data
152-->[com.google.firebase:firebase-appcheck:17.1.2] AndroidManifest.xml:25:13-27:85
153                android:name="com.google.firebase.components:com.google.firebase.appcheck.FirebaseAppCheckKtxRegistrar"
153-->[com.google.firebase:firebase-appcheck:17.1.2] AndroidManifest.xml:26:17-120
154                android:value="com.google.firebase.components.ComponentRegistrar" />
154-->[com.google.firebase:firebase-appcheck:17.1.2] AndroidManifest.xml:27:17-82
155            <meta-data
155-->[com.google.firebase:firebase-appcheck:17.1.2] AndroidManifest.xml:28:13-30:85
156                android:name="com.google.firebase.components:com.google.firebase.appcheck.FirebaseAppCheckRegistrar"
156-->[com.google.firebase:firebase-appcheck:17.1.2] AndroidManifest.xml:29:17-117
157                android:value="com.google.firebase.components.ComponentRegistrar" />
157-->[com.google.firebase:firebase-appcheck:17.1.2] AndroidManifest.xml:30:17-82
158            <meta-data
158-->[com.google.firebase:firebase-common-ktx:20.4.3] AndroidManifest.xml:12:13-14:85
159                android:name="com.google.firebase.components:com.google.firebase.ktx.FirebaseCommonLegacyRegistrar"
159-->[com.google.firebase:firebase-common-ktx:20.4.3] AndroidManifest.xml:13:17-116
160                android:value="com.google.firebase.components.ComponentRegistrar" />
160-->[com.google.firebase:firebase-common-ktx:20.4.3] AndroidManifest.xml:14:17-82
161            <meta-data
161-->[com.google.firebase:firebase-common:20.4.3] AndroidManifest.xml:35:13-37:85
162                android:name="com.google.firebase.components:com.google.firebase.FirebaseCommonKtxRegistrar"
162-->[com.google.firebase:firebase-common:20.4.3] AndroidManifest.xml:36:17-109
163                android:value="com.google.firebase.components.ComponentRegistrar" />
163-->[com.google.firebase:firebase-common:20.4.3] AndroidManifest.xml:37:17-82
164            <meta-data
164-->[com.google.firebase:firebase-datatransport:18.1.7] AndroidManifest.xml:27:13-29:85
165                android:name="com.google.firebase.components:com.google.firebase.datatransport.TransportRegistrar"
165-->[com.google.firebase:firebase-datatransport:18.1.7] AndroidManifest.xml:28:17-115
166                android:value="com.google.firebase.components.ComponentRegistrar" />
166-->[com.google.firebase:firebase-datatransport:18.1.7] AndroidManifest.xml:29:17-82
167        </service>
168        <service
168-->[:firebase_messaging] AndroidManifest.xml:16:9-19:72
169            android:name="io.flutter.plugins.firebase.messaging.FlutterFirebaseMessagingBackgroundService"
169-->[:firebase_messaging] AndroidManifest.xml:17:13-107
170            android:exported="false"
170-->[:firebase_messaging] AndroidManifest.xml:18:13-37
171            android:permission="android.permission.BIND_JOB_SERVICE" />
171-->[:firebase_messaging] AndroidManifest.xml:19:13-69
172        <service
172-->[:firebase_messaging] AndroidManifest.xml:20:9-26:19
173            android:name="io.flutter.plugins.firebase.messaging.FlutterFirebaseMessagingService"
173-->[:firebase_messaging] AndroidManifest.xml:21:13-97
174            android:exported="false" >
174-->[:firebase_messaging] AndroidManifest.xml:22:13-37
175            <intent-filter>
175-->[:firebase_messaging] AndroidManifest.xml:23:13-25:29
176                <action android:name="com.google.firebase.MESSAGING_EVENT" />
176-->[:firebase_messaging] AndroidManifest.xml:24:17-78
176-->[:firebase_messaging] AndroidManifest.xml:24:25-75
177            </intent-filter>
178        </service>
179
180        <receiver
180-->[:firebase_messaging] AndroidManifest.xml:28:9-35:20
181            android:name="io.flutter.plugins.firebase.messaging.FlutterFirebaseMessagingReceiver"
181-->[:firebase_messaging] AndroidManifest.xml:29:13-98
182            android:exported="true"
182-->[:firebase_messaging] AndroidManifest.xml:30:13-36
183            android:permission="com.google.android.c2dm.permission.SEND" >
183-->[:firebase_messaging] AndroidManifest.xml:31:13-73
184            <intent-filter>
184-->[:firebase_messaging] AndroidManifest.xml:32:13-34:29
185                <action android:name="com.google.android.c2dm.intent.RECEIVE" />
185-->[:firebase_messaging] AndroidManifest.xml:33:17-81
185-->[:firebase_messaging] AndroidManifest.xml:33:25-78
186            </intent-filter>
187        </receiver>
188
189        <provider
189-->[:firebase_messaging] AndroidManifest.xml:43:9-47:38
190            android:name="io.flutter.plugins.firebase.messaging.FlutterFirebaseMessagingInitProvider"
190-->[:firebase_messaging] AndroidManifest.xml:44:13-102
191            android:authorities="com.Magellan.global.flutterfirebasemessaginginitprovider"
191-->[:firebase_messaging] AndroidManifest.xml:45:13-88
192            android:exported="false"
192-->[:firebase_messaging] AndroidManifest.xml:46:13-37
193            android:initOrder="99" />
193-->[:firebase_messaging] AndroidManifest.xml:47:13-35
194
195        <activity
195-->[com.google.firebase:firebase-auth:22.3.1] AndroidManifest.xml:29:9-46:20
196            android:name="com.google.firebase.auth.internal.GenericIdpActivity"
196-->[com.google.firebase:firebase-auth:22.3.1] AndroidManifest.xml:30:13-80
197            android:excludeFromRecents="true"
197-->[com.google.firebase:firebase-auth:22.3.1] AndroidManifest.xml:31:13-46
198            android:exported="true"
198-->[com.google.firebase:firebase-auth:22.3.1] AndroidManifest.xml:32:13-36
199            android:launchMode="singleTask"
199-->[com.google.firebase:firebase-auth:22.3.1] AndroidManifest.xml:33:13-44
200            android:theme="@android:style/Theme.Translucent.NoTitleBar" >
200-->[com.google.firebase:firebase-auth:22.3.1] AndroidManifest.xml:34:13-72
201            <intent-filter>
201-->[com.google.firebase:firebase-auth:22.3.1] AndroidManifest.xml:35:13-45:29
202                <action android:name="android.intent.action.VIEW" />
202-->[com.google.firebase:firebase-auth:22.3.1] AndroidManifest.xml:36:17-69
202-->[com.google.firebase:firebase-auth:22.3.1] AndroidManifest.xml:36:25-66
203
204                <category android:name="android.intent.category.DEFAULT" />
204-->[com.google.firebase:firebase-auth:22.3.1] AndroidManifest.xml:38:17-76
204-->[com.google.firebase:firebase-auth:22.3.1] AndroidManifest.xml:38:27-73
205                <category android:name="android.intent.category.BROWSABLE" />
205-->[com.google.firebase:firebase-auth:22.3.1] AndroidManifest.xml:39:17-78
205-->[com.google.firebase:firebase-auth:22.3.1] AndroidManifest.xml:39:27-75
206
207                <data
207-->src\main\AndroidManifest.xml:46:13-50
208                    android:host="firebase.auth"
209                    android:path="/"
210                    android:scheme="genericidp" />
211            </intent-filter>
212        </activity>
213        <activity
213-->[com.google.firebase:firebase-auth:22.3.1] AndroidManifest.xml:47:9-64:20
214            android:name="com.google.firebase.auth.internal.RecaptchaActivity"
214-->[com.google.firebase:firebase-auth:22.3.1] AndroidManifest.xml:48:13-79
215            android:excludeFromRecents="true"
215-->[com.google.firebase:firebase-auth:22.3.1] AndroidManifest.xml:49:13-46
216            android:exported="true"
216-->[com.google.firebase:firebase-auth:22.3.1] AndroidManifest.xml:50:13-36
217            android:launchMode="singleTask"
217-->[com.google.firebase:firebase-auth:22.3.1] AndroidManifest.xml:51:13-44
218            android:theme="@android:style/Theme.Translucent.NoTitleBar" >
218-->[com.google.firebase:firebase-auth:22.3.1] AndroidManifest.xml:52:13-72
219            <intent-filter>
219-->[com.google.firebase:firebase-auth:22.3.1] AndroidManifest.xml:53:13-63:29
220                <action android:name="android.intent.action.VIEW" />
220-->[com.google.firebase:firebase-auth:22.3.1] AndroidManifest.xml:36:17-69
220-->[com.google.firebase:firebase-auth:22.3.1] AndroidManifest.xml:36:25-66
221
222                <category android:name="android.intent.category.DEFAULT" />
222-->[com.google.firebase:firebase-auth:22.3.1] AndroidManifest.xml:38:17-76
222-->[com.google.firebase:firebase-auth:22.3.1] AndroidManifest.xml:38:27-73
223                <category android:name="android.intent.category.BROWSABLE" />
223-->[com.google.firebase:firebase-auth:22.3.1] AndroidManifest.xml:39:17-78
223-->[com.google.firebase:firebase-auth:22.3.1] AndroidManifest.xml:39:27-75
224
225                <data
225-->src\main\AndroidManifest.xml:46:13-50
226                    android:host="firebase.auth"
227                    android:path="/"
228                    android:scheme="recaptcha" />
229            </intent-filter>
230        </activity>
231
232        <receiver
232-->[com.google.firebase:firebase-messaging:23.4.1] AndroidManifest.xml:29:9-40:20
233            android:name="com.google.firebase.iid.FirebaseInstanceIdReceiver"
233-->[com.google.firebase:firebase-messaging:23.4.1] AndroidManifest.xml:30:13-78
234            android:exported="true"
234-->[com.google.firebase:firebase-messaging:23.4.1] AndroidManifest.xml:31:13-36
235            android:permission="com.google.android.c2dm.permission.SEND" >
235-->[com.google.firebase:firebase-messaging:23.4.1] AndroidManifest.xml:32:13-73
236            <intent-filter>
236-->[:firebase_messaging] AndroidManifest.xml:32:13-34:29
237                <action android:name="com.google.android.c2dm.intent.RECEIVE" />
237-->[:firebase_messaging] AndroidManifest.xml:33:17-81
237-->[:firebase_messaging] AndroidManifest.xml:33:25-78
238            </intent-filter>
239
240            <meta-data
240-->[com.google.firebase:firebase-messaging:23.4.1] AndroidManifest.xml:37:13-39:40
241                android:name="com.google.android.gms.cloudmessaging.FINISHED_AFTER_HANDLED"
241-->[com.google.firebase:firebase-messaging:23.4.1] AndroidManifest.xml:38:17-92
242                android:value="true" />
242-->[com.google.firebase:firebase-messaging:23.4.1] AndroidManifest.xml:39:17-37
243        </receiver>
244        <!--
245             FirebaseMessagingService performs security checks at runtime,
246             but set to not exported to explicitly avoid allowing another app to call it.
247        -->
248        <service
248-->[com.google.firebase:firebase-messaging:23.4.1] AndroidManifest.xml:46:9-53:19
249            android:name="com.google.firebase.messaging.FirebaseMessagingService"
249-->[com.google.firebase:firebase-messaging:23.4.1] AndroidManifest.xml:47:13-82
250            android:directBootAware="true"
250-->[com.google.firebase:firebase-messaging:23.4.1] AndroidManifest.xml:48:13-43
251            android:exported="false" >
251-->[com.google.firebase:firebase-messaging:23.4.1] AndroidManifest.xml:49:13-37
252            <intent-filter android:priority="-500" >
252-->[:firebase_messaging] AndroidManifest.xml:23:13-25:29
253                <action android:name="com.google.firebase.MESSAGING_EVENT" />
253-->[:firebase_messaging] AndroidManifest.xml:24:17-78
253-->[:firebase_messaging] AndroidManifest.xml:24:25-75
254            </intent-filter>
255        </service>
256
257        <provider
257-->[com.google.firebase:firebase-common:20.4.3] AndroidManifest.xml:23:9-28:39
258            android:name="com.google.firebase.provider.FirebaseInitProvider"
258-->[com.google.firebase:firebase-common:20.4.3] AndroidManifest.xml:24:13-77
259            android:authorities="com.Magellan.global.firebaseinitprovider"
259-->[com.google.firebase:firebase-common:20.4.3] AndroidManifest.xml:25:13-72
260            android:directBootAware="true"
260-->[com.google.firebase:firebase-common:20.4.3] AndroidManifest.xml:26:13-43
261            android:exported="false"
261-->[com.google.firebase:firebase-common:20.4.3] AndroidManifest.xml:27:13-37
262            android:initOrder="100" />
262-->[com.google.firebase:firebase-common:20.4.3] AndroidManifest.xml:28:13-36
263        <provider
263-->[:image_picker_android] AndroidManifest.xml:11:9-19:20
264            android:name="io.flutter.plugins.imagepicker.ImagePickerFileProvider"
264-->[:image_picker_android] AndroidManifest.xml:12:13-82
265            android:authorities="com.Magellan.global.flutter.image_provider"
265-->[:image_picker_android] AndroidManifest.xml:13:13-74
266            android:exported="false"
266-->[:image_picker_android] AndroidManifest.xml:14:13-37
267            android:grantUriPermissions="true" >
267-->[:image_picker_android] AndroidManifest.xml:15:13-47
268            <meta-data
268-->[:image_picker_android] AndroidManifest.xml:16:13-18:75
269                android:name="android.support.FILE_PROVIDER_PATHS"
269-->[:image_picker_android] AndroidManifest.xml:17:17-67
270                android:resource="@xml/flutter_image_picker_file_paths" />
270-->[:image_picker_android] AndroidManifest.xml:18:17-72
271        </provider> <!-- Trigger Google Play services to install the backported photo picker module. -->
272        <service
272-->[:image_picker_android] AndroidManifest.xml:21:9-33:19
273            android:name="com.google.android.gms.metadata.ModuleDependencies"
273-->[:image_picker_android] AndroidManifest.xml:22:13-78
274            android:enabled="false"
274-->[:image_picker_android] AndroidManifest.xml:23:13-36
275            android:exported="false" >
275-->[:image_picker_android] AndroidManifest.xml:24:13-37
276            <intent-filter>
276-->[:image_picker_android] AndroidManifest.xml:26:13-28:29
277                <action android:name="com.google.android.gms.metadata.MODULE_DEPENDENCIES" />
277-->[:image_picker_android] AndroidManifest.xml:27:17-94
277-->[:image_picker_android] AndroidManifest.xml:27:25-91
278            </intent-filter>
279
280            <meta-data
280-->[:image_picker_android] AndroidManifest.xml:30:13-32:36
281                android:name="photopicker_activity:0:required"
281-->[:image_picker_android] AndroidManifest.xml:31:17-63
282                android:value="" />
282-->[:image_picker_android] AndroidManifest.xml:32:17-33
283        </service>
284
285        <activity
285-->[:url_launcher_android] AndroidManifest.xml:10:9-13:74
286            android:name="io.flutter.plugins.urllauncher.WebViewActivity"
286-->[:url_launcher_android] AndroidManifest.xml:11:13-74
287            android:exported="false"
287-->[:url_launcher_android] AndroidManifest.xml:12:13-37
288            android:theme="@android:style/Theme.NoTitleBar.Fullscreen" />
288-->[:url_launcher_android] AndroidManifest.xml:13:13-71
289        <activity
289-->[com.google.android.gms:play-services-auth:21.0.0] AndroidManifest.xml:23:9-27:75
290            android:name="com.google.android.gms.auth.api.signin.internal.SignInHubActivity"